<?xml version="1.0" encoding="UTF-8"?>
<testng-results skipped="0" failed="0" ignored="0" total="2" passed="2">
  <reporter-output>
  </reporter-output>
  <suite name="Default suite" duration-ms="72993" started-at="2019-08-06T06:33:15Z" finished-at="2019-08-06T06:34:28Z">
    <groups>
    </groups>
    <test name="Default test" duration-ms="72993" started-at="2019-08-06T06:33:15Z" finished-at="2019-08-06T06:34:28Z">
      <class name="com.leaftaps.leads.testcases.TC003_EditLead">
        <test-method status="PASS" signature="setData()[pri:0, instance:com.leaftaps.leads.testcases.TC003_EditLead@146ba0ac]" name="setData" is-config="true" duration-ms="32" started-at="2019-08-06T06:33:15Z" finished-at="2019-08-06T06:33:15Z">
          <reporter-output>
          </reporter-output>
        </test-method> <!-- setData -->
        <test-method status="PASS" signature="login()[pri:0, instance:com.leaftaps.leads.testcases.TC003_EditLead@146ba0ac]" name="login" is-config="true" duration-ms="15987" started-at="2019-08-06T06:33:17Z" finished-at="2019-08-06T06:33:33Z">
          <reporter-output>
          </reporter-output>
        </test-method> <!-- login -->
        <test-method status="PASS" signature="runEditlead(java.lang.String, java.lang.String, java.lang.String, java.lang.String, java.lang.String, java.lang.String)[pri:0, instance:com.leaftaps.leads.testcases.TC003_EditLead@146ba0ac]" name="runEditlead" duration-ms="12840" started-at="2019-08-06T06:33:33Z" data-provider="fetchData" finished-at="2019-08-06T06:33:46Z">
          <params>
            <param index="0">
              <value>
                <![CDATA[Demosalesmanager]]>
              </value>
            </param>
            <param index="1">
              <value>
                <![CDATA[crmsfa]]>
              </value>
            </param>
            <param index="2">
              <value>
                <![CDATA[testleaf]]>
              </value>
            </param>
            <param index="3">
              <value>
                <![CDATA[jothi]]>
              </value>
            </param>
            <param index="4">
              <value>
                <![CDATA[s]]>
              </value>
            </param>
            <param index="5">
              <value>
                <![CDATA[virtusa]]>
              </value>
            </param>
          </params>
          <reporter-output>
          </reporter-output>
        </test-method> <!-- runEditlead -->
        <test-method status="PASS" signature="closeBrowser()[pri:0, instance:com.leaftaps.leads.testcases.TC003_EditLead@146ba0ac]" name="closeBrowser" is-config="true" duration-ms="7286" started-at="2019-08-06T06:33:46Z" finished-at="2019-08-06T06:33:53Z">
          <reporter-output>
          </reporter-output>
        </test-method> <!-- closeBrowser -->
        <test-method status="PASS" signature="login()[pri:0, instance:com.leaftaps.leads.testcases.TC003_EditLead@146ba0ac]" name="login" is-config="true" duration-ms="13442" started-at="2019-08-06T06:33:53Z" finished-at="2019-08-06T06:34:06Z">
          <reporter-output>
          </reporter-output>
        </test-method> <!-- login -->
        <test-method status="PASS" signature="runEditlead(java.lang.String, java.lang.String, java.lang.String, java.lang.String, java.lang.String, java.lang.String)[pri:0, instance:com.leaftaps.leads.testcases.TC003_EditLead@146ba0ac]" name="runEditlead" duration-ms="13648" started-at="2019-08-06T06:34:06Z" data-provider="fetchData" finished-at="2019-08-06T06:34:20Z">
          <params>
            <param index="0">
              <value>
                <![CDATA[Demosalesmanager]]>
              </value>
            </param>
            <param index="1">
              <value>
                <![CDATA[crmsfa]]>
              </value>
            </param>
            <param index="2">
              <value>
                <![CDATA[testleaf]]>
              </value>
            </param>
            <param index="3">
              <value>
                <![CDATA[jothi]]>
              </value>
            </param>
            <param index="4">
              <value>
                <![CDATA[s]]>
              </value>
            </param>
            <param index="5">
              <value>
                <![CDATA[cisco]]>
              </value>
            </param>
          </params>
          <reporter-output>
          </reporter-output>
        </test-method> <!-- runEditlead -->
        <test-method status="PASS" signature="closeBrowser()[pri:0, instance:com.leaftaps.leads.testcases.TC003_EditLead@146ba0ac]" name="closeBrowser" is-config="true" duration-ms="7559" started-at="2019-08-06T06:34:20Z" finished-at="2019-08-06T06:34:28Z">
          <reporter-output>
          </reporter-output>
        </test-method> <!-- closeBrowser -->
      </class> <!-- com.leaftaps.leads.testcases.TC003_EditLead -->
    </test> <!-- Default test -->
  </suite> <!-- Default suite -->
</testng-results>
